<?xml version="1.0" encoding="UTF-8"?>
<!-- Generated by org.testng.reporters.JUnitXMLReporter -->
<testsuite ignored="0" hostname="TCCTL-013" failures="0" tests="6" name="Test" time="118.736" errors="0" timestamp="2023-06-05T20:26:35 IST">
  <testcase classname="org.PersonalInfoTest.HomeTest" name="verifyHomePage" time="0.894"/>
  <testcase classname="org.PersonalInfoTest.HomeTest" name="verifyMoreDeals" time="11.963"/>
  <testcase classname="org.PersonalInfoTest.ProductViewTest" name="verifyHomePage" time="0.327"/>
  <testcase classname="org.PersonalInfoTest.ProductViewTest" name="productViewDetails" time="17.43"/>
  <testcase classname="org.PersonalInfoTest.ProductViewTest" name="productDescriptionDetails" time="16.262"/>
  <testcase classname="org.PersonalInfoTest.ProductViewTest" name="verifySignUpPage" time="15.141"/>
</testsuite> <!-- Test -->
