<?xml version="1.0" encoding="UTF-8"?>
<!-- Generated by org.testng.reporters.JUnitXMLReporter -->
<testsuite ignored="0" hostname="TCCTL-013" failures="0" tests="6" name="Test" time="114.232" errors="0" timestamp="2023-06-06T16:56:51 IST">
  <testcase classname="org.PersonalInfoTest.HomeTest" name="verifyHomePage" time="0.519"/>
  <testcase classname="org.PersonalInfoTest.HomeTest" name="verifyMoreDeals" time="11.561"/>
  <testcase classname="org.PersonalInfoTest.ProductViewTest" name="verifyHomePage" time="0.29"/>
  <testcase classname="org.PersonalInfoTest.ProductViewTest" name="productViewDetails" time="12.378"/>
  <testcase classname="org.PersonalInfoTest.ProductViewTest" name="productDescriptionDetails" time="17.309"/>
  <testcase classname="org.PersonalInfoTest.ProductViewTest" name="verifySignUpPage" time="37.569"/>
</testsuite> <!-- Test -->
