<?xml version="1.0" encoding="UTF-8"?>
<testng-results ignored="0" total="6" passed="6" failed="0" skipped="0">
  <reporter-output>
  </reporter-output>
  <suite started-at="2023-06-06T16:54:57 IST" name="Suite" finished-at="2023-06-06T16:56:51 IST" duration-ms="114232">
    <groups>
    </groups>
    <test started-at="2023-06-06T16:54:57 IST" name="Test" finished-at="2023-06-06T16:56:51 IST" duration-ms="114232">
      <class name="org.PersonalInfoTest.HomeTest">
        <test-method is-config="true" signature="launchBrowserone()[pri:0, instance:org.PersonalInfoTest.HomeTest@1ed6388a]" started-at="2023-06-06T16:54:57 IST" name="launchBrowserone" finished-at="2023-06-06T16:55:13 IST" duration-ms="16562" status="PASS">
          <reporter-output>
          </reporter-output>
        </test-method> <!-- launchBrowserone -->
        <test-method signature="verifyHomePage()[pri:1, instance:org.PersonalInfoTest.HomeTest@1ed6388a]" started-at="2023-06-06T16:55:13 IST" name="verifyHomePage" finished-at="2023-06-06T16:55:14 IST" duration-ms="519" status="PASS">
          <reporter-output>
          </reporter-output>
        </test-method> <!-- verifyHomePage -->
        <test-method signature="verifyMoreDeals()[pri:4, instance:org.PersonalInfoTest.HomeTest@1ed6388a]" started-at="2023-06-06T16:55:14 IST" name="verifyMoreDeals" finished-at="2023-06-06T16:55:25 IST" duration-ms="11561" status="PASS">
          <reporter-output>
          </reporter-output>
        </test-method> <!-- verifyMoreDeals -->
        <test-method is-config="true" signature="closeBrowser()[pri:0, instance:org.PersonalInfoTest.HomeTest@1ed6388a]" started-at="2023-06-06T16:55:25 IST" name="closeBrowser" finished-at="2023-06-06T16:55:26 IST" duration-ms="182" status="PASS">
          <reporter-output>
          </reporter-output>
        </test-method> <!-- closeBrowser -->
      </class> <!-- org.PersonalInfoTest.HomeTest -->
      <class name="org.PersonalInfoTest.ProductViewTest">
        <test-method is-config="true" signature="launchBrowserone()[pri:0, instance:org.PersonalInfoTest.ProductViewTest@5d534f5d]" started-at="2023-06-06T16:55:26 IST" name="launchBrowserone" finished-at="2023-06-06T16:55:43 IST" duration-ms="17576" status="PASS">
          <reporter-output>
          </reporter-output>
        </test-method> <!-- launchBrowserone -->
        <test-method signature="verifyHomePage()[pri:1, instance:org.PersonalInfoTest.ProductViewTest@5d534f5d]" started-at="2023-06-06T16:55:43 IST" name="verifyHomePage" finished-at="2023-06-06T16:55:44 IST" duration-ms="290" status="PASS">
          <reporter-output>
          </reporter-output>
        </test-method> <!-- verifyHomePage -->
        <test-method signature="productViewDetails()[pri:2, instance:org.PersonalInfoTest.ProductViewTest@5d534f5d]" started-at="2023-06-06T16:55:44 IST" name="productViewDetails" finished-at="2023-06-06T16:55:56 IST" duration-ms="12378" status="PASS">
          <reporter-output>
          </reporter-output>
        </test-method> <!-- productViewDetails -->
        <test-method signature="productDescriptionDetails()[pri:3, instance:org.PersonalInfoTest.ProductViewTest@5d534f5d]" started-at="2023-06-06T16:55:56 IST" name="productDescriptionDetails" finished-at="2023-06-06T16:56:13 IST" duration-ms="17309" status="PASS">
          <reporter-output>
          </reporter-output>
        </test-method> <!-- productDescriptionDetails -->
        <test-method signature="verifySignUpPage()[pri:4, instance:org.PersonalInfoTest.ProductViewTest@5d534f5d]" started-at="2023-06-06T16:56:13 IST" name="verifySignUpPage" finished-at="2023-06-06T16:56:51 IST" duration-ms="37569" status="PASS">
          <reporter-output>
          </reporter-output>
        </test-method> <!-- verifySignUpPage -->
        <test-method is-config="true" signature="closeBrowser()[pri:0, instance:org.PersonalInfoTest.ProductViewTest@5d534f5d]" started-at="2023-06-06T16:56:51 IST" name="closeBrowser" finished-at="2023-06-06T16:56:51 IST" duration-ms="241" status="PASS">
          <reporter-output>
          </reporter-output>
        </test-method> <!-- closeBrowser -->
      </class> <!-- org.PersonalInfoTest.ProductViewTest -->
    </test> <!-- Test -->
  </suite> <!-- Suite -->
</testng-results>
