<?xml version="1.0" encoding="UTF-8"?>
<testng-results ignored="0" total="6" passed="6" failed="0" skipped="0">
  <reporter-output>
  </reporter-output>
  <suite started-at="2023-06-05T20:24:36 IST" name="Suite" finished-at="2023-06-05T20:26:35 IST" duration-ms="118736">
    <groups>
    </groups>
    <test started-at="2023-06-05T20:24:36 IST" name="Test" finished-at="2023-06-05T20:26:35 IST" duration-ms="118736">
      <class name="org.PersonalInfoTest.HomeTest">
        <test-method is-config="true" signature="launchBrowserone()[pri:0, instance:org.PersonalInfoTest.HomeTest@1ed6388a]" started-at="2023-06-05T20:24:36 IST" name="launchBrowserone" finished-at="2023-06-05T20:25:07 IST" duration-ms="30834" status="PASS">
          <reporter-output>
          </reporter-output>
        </test-method> <!-- launchBrowserone -->
        <test-method signature="verifyHomePage()[pri:1, instance:org.PersonalInfoTest.HomeTest@1ed6388a]" started-at="2023-06-05T20:25:07 IST" name="verifyHomePage" finished-at="2023-06-05T20:25:08 IST" duration-ms="894" status="PASS">
          <reporter-output>
          </reporter-output>
        </test-method> <!-- verifyHomePage -->
        <test-method signature="verifyMoreDeals()[pri:4, instance:org.PersonalInfoTest.HomeTest@1ed6388a]" started-at="2023-06-05T20:25:08 IST" name="verifyMoreDeals" finished-at="2023-06-05T20:25:20 IST" duration-ms="11963" status="PASS">
          <reporter-output>
          </reporter-output>
        </test-method> <!-- verifyMoreDeals -->
        <test-method is-config="true" signature="closeBrowser()[pri:0, instance:org.PersonalInfoTest.HomeTest@1ed6388a]" started-at="2023-06-05T20:25:20 IST" name="closeBrowser" finished-at="2023-06-05T20:25:20 IST" duration-ms="186" status="PASS">
          <reporter-output>
          </reporter-output>
        </test-method> <!-- closeBrowser -->
      </class> <!-- org.PersonalInfoTest.HomeTest -->
      <class name="org.PersonalInfoTest.ProductViewTest">
        <test-method is-config="true" signature="launchBrowserone()[pri:0, instance:org.PersonalInfoTest.ProductViewTest@5d534f5d]" started-at="2023-06-05T20:25:20 IST" name="launchBrowserone" finished-at="2023-06-05T20:25:46 IST" duration-ms="25451" status="PASS">
          <reporter-output>
          </reporter-output>
        </test-method> <!-- launchBrowserone -->
        <test-method signature="verifyHomePage()[pri:1, instance:org.PersonalInfoTest.ProductViewTest@5d534f5d]" started-at="2023-06-05T20:25:46 IST" name="verifyHomePage" finished-at="2023-06-05T20:25:46 IST" duration-ms="327" status="PASS">
          <reporter-output>
          </reporter-output>
        </test-method> <!-- verifyHomePage -->
        <test-method signature="productViewDetails()[pri:2, instance:org.PersonalInfoTest.ProductViewTest@5d534f5d]" started-at="2023-06-05T20:25:46 IST" name="productViewDetails" finished-at="2023-06-05T20:26:03 IST" duration-ms="17430" status="PASS">
          <reporter-output>
          </reporter-output>
        </test-method> <!-- productViewDetails -->
        <test-method signature="productDescriptionDetails()[pri:3, instance:org.PersonalInfoTest.ProductViewTest@5d534f5d]" started-at="2023-06-05T20:26:03 IST" name="productDescriptionDetails" finished-at="2023-06-05T20:26:20 IST" duration-ms="16262" status="PASS">
          <reporter-output>
          </reporter-output>
        </test-method> <!-- productDescriptionDetails -->
        <test-method signature="verifySignUpPage()[pri:4, instance:org.PersonalInfoTest.ProductViewTest@5d534f5d]" started-at="2023-06-05T20:26:20 IST" name="verifySignUpPage" finished-at="2023-06-05T20:26:35 IST" duration-ms="15141" status="PASS">
          <reporter-output>
          </reporter-output>
        </test-method> <!-- verifySignUpPage -->
        <test-method is-config="true" signature="closeBrowser()[pri:0, instance:org.PersonalInfoTest.ProductViewTest@5d534f5d]" started-at="2023-06-05T20:26:35 IST" name="closeBrowser" finished-at="2023-06-05T20:26:35 IST" duration-ms="187" status="PASS">
          <reporter-output>
          </reporter-output>
        </test-method> <!-- closeBrowser -->
      </class> <!-- org.PersonalInfoTest.ProductViewTest -->
    </test> <!-- Test -->
  </suite> <!-- Suite -->
</testng-results>
